# JRE version: OpenJDK Runtime Environment (15.0.2+7) (build 15.0.2+7-27)
# Java VM: OpenJDK 64-Bit Server VM (15.0.2+7-27, mixed mode, tiered, compressed oops, g1 gc, windows-amd64)
GC Precious Log:
 CPUs: 4 total, 4 available
 Memory: 5814M
 Large Page Support: Disabled
 NUMA Support: Disabled
 Compressed Oops: Enabled (32-bit)
 Heap Region Size: 1M
 Heap Min Capacity: 8M
 Heap Initial Capacity: 92M
 Heap Max Capacity: 1454M
 Pre-touch: Disabled
 Parallel Workers: 4
 Concurrent Workers: 1
 Concurrent Refinement Workers: 4
 Periodic GC: Disabled
Heap:
 garbage-first heap   total 46080K, used 27477K [0x00000000a5200000, 0x0000000100000000)
  region size 1024K, 7 young (7168K), 4 survivors (4096K)
 Metaspace       used 25246K, capacity 25476K, committed 25728K, reserved 1073152K
  class space    used 2807K, capacity 2901K, committed 2944K, reserved 1048576K
GC Heap History (8 events):
Event: 1.582 GC heap before
{Heap before GC invocations=0 (full 0):
 garbage-first heap   total 94208K, used 12288K [0x00000000a5200000, 0x0000000100000000)
  region size 1024K, 13 young (13312K), 0 survivors (0K)
 Metaspace       used 12336K, capacity 12437K, committed 12544K, reserved 1060864K
  class space    used 1162K, capacity 1181K, committed 1280K, reserved 1048576K
}
Event: 1.592 GC heap after
{Heap after GC invocations=1 (full 0):
 garbage-first heap   total 94208K, used 4194K [0x00000000a5200000, 0x0000000100000000)
  region size 1024K, 2 young (2048K), 2 survivors (2048K)
 Metaspace       used 12336K, capacity 12437K, committed 12544K, reserved 1060864K
  class space    used 1162K, capacity 1181K, committed 1280K, reserved 1048576K
}
Event: 2.345 GC heap before
{Heap before GC invocations=1 (full 0):
 garbage-first heap   total 94208K, used 14434K [0x00000000a5200000, 0x0000000100000000)
  region size 1024K, 12 young (12288K), 2 survivors (2048K)
 Metaspace       used 16035K, capacity 16243K, committed 16512K, reserved 1064960K
  class space    used 1600K, capacity 1643K, committed 1664K, reserved 1048576K
}
Event: 2.352 GC heap after
{Heap after GC invocations=2 (full 0):
 garbage-first heap   total 94208K, used 5529K [0x00000000a5200000, 0x0000000100000000)
  region size 1024K, 2 young (2048K), 2 survivors (2048K)
 Metaspace       used 16035K, capacity 16243K, committed 16512K, reserved 1064960K
  class space    used 1600K, capacity 1643K, committed 1664K, reserved 1048576K
}
Event: 3.951 GC heap before
{Heap before GC invocations=2 (full 0):
 garbage-first heap   total 94208K, used 21913K [0x00000000a5200000, 0x0000000100000000)
  region size 1024K, 19 young (19456K), 2 survivors (2048K)
 Metaspace       used 21011K, capacity 21195K, committed 21296K, reserved 1069056K
  class space    used 2174K, capacity 2243K, committed 2304K, reserved 1048576K
}
Event: 3.958 GC heap after
{Heap after GC invocations=3 (full 0):
 garbage-first heap   total 94208K, used 7277K [0x00000000a5200000, 0x0000000100000000)
  region size 1024K, 3 young (3072K), 3 survivors (3072K)
 Metaspace       used 21011K, capacity 21195K, committed 21296K, reserved 1069056K
  class space    used 2174K, capacity 2243K, committed 2304K, reserved 1048576K
}
Event: 4.794 GC heap before
{Heap before GC invocations=4 (full 0):
 garbage-first heap   total 34816K, used 21613K [0x00000000a5200000, 0x0000000100000000)
  region size 1024K, 18 young (18432K), 3 survivors (3072K)
 Metaspace       used 24438K, capacity 24673K, committed 24832K, reserved 1071104K
  class space    used 2684K, capacity 2740K, committed 2816K, reserved 1048576K
}
Event: 4.803 GC heap after
{Heap after GC invocations=5 (full 0):
 garbage-first heap   total 34816K, used 8021K [0x00000000a5200000, 0x0000000100000000)
  region size 1024K, 4 young (4096K), 4 survivors (4096K)
 Metaspace       used 24438K, capacity 24673K, committed 24832K, reserved 1071104K
  class space    used 2684K, capacity 2740K, committed 2816K, reserved 1048576K
}

