# JRE version: OpenJDK Runtime Environment (15.0.2+7) (build 15.0.2+7-27)
# Java VM: OpenJDK 64-Bit Server VM (15.0.2+7-27, mixed mode, tiered, compressed oops, g1 gc, windows-amd64)
GC Precious Log:
 CPUs: 4 total, 4 available
 Memory: 5814M
 Large Page Support: Disabled
 NUMA Support: Disabled
 Compressed Oops: Enabled (32-bit)
 Heap Region Size: 1M
 Heap Min Capacity: 8M
 Heap Initial Capacity: 92M
 Heap Max Capacity: 1454M
 Pre-touch: Disabled
 Parallel Workers: 4
 Concurrent Workers: 1
 Concurrent Refinement Workers: 4
 Periodic GC: Disabled
Heap:
 garbage-first heap   total 46080K, used 29621K [0x00000000a5200000, 0x0000000100000000)
  region size 1024K, 5 young (5120K), 0 survivors (0K)
 Metaspace       used 26751K, capacity 26977K, committed 27136K, reserved 1081344K
  class space    used 2963K, capacity 3037K, committed 3072K, reserved 1048576K
GC Heap History (10 events):
Event: 1.554 GC heap before
{Heap before GC invocations=0 (full 0):
 garbage-first heap   total 94208K, used 12288K [0x00000000a5200000, 0x0000000100000000)
  region size 1024K, 13 young (13312K), 0 survivors (0K)
 Metaspace       used 12330K, capacity 12437K, committed 12544K, reserved 1060864K
  class space    used 1161K, capacity 1181K, committed 1280K, reserved 1048576K
}
Event: 1.562 GC heap after
{Heap after GC invocations=1 (full 0):
 garbage-first heap   total 94208K, used 4215K [0x00000000a5200000, 0x0000000100000000)
  region size 1024K, 2 young (2048K), 2 survivors (2048K)
 Metaspace       used 12330K, capacity 12437K, committed 12544K, reserved 1060864K
  class space    used 1161K, capacity 1181K, committed 1280K, reserved 1048576K
}
Event: 2.190 GC heap before
{Heap before GC invocations=1 (full 0):
 garbage-first heap   total 94208K, used 15479K [0x00000000a5200000, 0x0000000100000000)
  region size 1024K, 13 young (13312K), 2 survivors (2048K)
 Metaspace       used 16067K, capacity 16243K, committed 16512K, reserved 1064960K
  class space    used 1597K, capacity 1643K, committed 1664K, reserved 1048576K
}
Event: 2.196 GC heap after
{Heap after GC invocations=2 (full 0):
 garbage-first heap   total 94208K, used 5481K [0x00000000a5200000, 0x0000000100000000)
  region size 1024K, 2 young (2048K), 2 survivors (2048K)
 Metaspace       used 16067K, capacity 16243K, committed 16512K, reserved 1064960K
  class space    used 1597K, capacity 1643K, committed 1664K, reserved 1048576K
}
Event: 3.511 GC heap before
{Heap before GC invocations=2 (full 0):
 garbage-first heap   total 94208K, used 20841K [0x00000000a5200000, 0x0000000100000000)
  region size 1024K, 18 young (18432K), 2 survivors (2048K)
 Metaspace       used 21016K, capacity 21195K, committed 21296K, reserved 1069056K
  class space    used 2174K, capacity 2243K, committed 2304K, reserved 1048576K
}
Event: 3.518 GC heap after
{Heap after GC invocations=3 (full 0):
 garbage-first heap   total 94208K, used 7162K [0x00000000a5200000, 0x0000000100000000)
  region size 1024K, 3 young (3072K), 3 survivors (3072K)
 Metaspace       used 21016K, capacity 21195K, committed 21296K, reserved 1069056K
  class space    used 2174K, capacity 2243K, committed 2304K, reserved 1048576K
}
Event: 4.284 GC heap before
{Heap before GC invocations=4 (full 0):
 garbage-first heap   total 34816K, used 21498K [0x00000000a5200000, 0x0000000100000000)
  region size 1024K, 18 young (18432K), 3 survivors (3072K)
 Metaspace       used 24442K, capacity 24673K, committed 24832K, reserved 1071104K
  class space    used 2684K, capacity 2740K, committed 2816K, reserved 1048576K
}
Event: 4.292 GC heap after
{Heap after GC invocations=5 (full 0):
 garbage-first heap   total 34816K, used 8118K [0x00000000a5200000, 0x0000000100000000)
  region size 1024K, 4 young (4096K), 4 survivors (4096K)
 Metaspace       used 24442K, capacity 24673K, committed 24832K, reserved 1071104K
  class space    used 2684K, capacity 2740K, committed 2816K, reserved 1048576K
}
Event: 5.809 GC heap before
{Heap before GC invocations=6 (full 0):
 garbage-first heap   total 46080K, used 28598K [0x00000000a5200000, 0x0000000100000000)
  region size 1024K, 8 young (8192K), 4 survivors (4096K)
 Metaspace       used 25715K, capacity 25956K, committed 25984K, reserved 1079296K
  class space    used 2845K, capacity 2933K, committed 2944K, reserved 1048576K
}
Event: 5.819 GC heap after
{Heap after GC invocations=7 (full 0):
 garbage-first heap   total 46080K, used 26064K [0x00000000a5200000, 0x0000000100000000)
  region size 1024K, 2 young (2048K), 2 survivors (2048K)
 Metaspace       used 25715K, capacity 25956K, committed 25984K, reserved 1079296K
  class space    used 2845K, capacity 2933K, committed 2944K, reserved 1048576K
}

